{"C:\\Users\\leole\\Documents\\GitHub\\individual-Touiiix\\server\\src\\utils\\shipping.ts": {"path":"C:\\Users\\leole\\Documents\\GitHub\\individual-Touiiix\\server\\src\\utils\\shipping.ts","statementMap":{"0":{"start":{"line":44,"column":0},"end":{"line":44,"column":16}},"1":{"start":{"line":50,"column":2},"end":{"line":52,"column":3}},"2":{"start":{"line":51,"column":4},"end":{"line":51,"column":40}},"3":{"start":{"line":54,"column":2},"end":{"line":56,"column":3}},"4":{"start":{"line":55,"column":4},"end":{"line":55,"column":38}},"5":{"start":{"line":59,"column":14},"end":{"line":59,"column":15}},"6":{"start":{"line":61,"column":2},"end":{"line":67,"column":3}},"7":{"start":{"line":62,"column":4},"end":{"line":62,"column":15}},"8":{"start":{"line":63,"column":9},"end":{"line":67,"column":3}},"9":{"start":{"line":64,"column":4},"end":{"line":64,"column":15}},"10":{"start":{"line":66,"column":4},"end":{"line":66,"column":15}},"11":{"start":{"line":70,"column":2},"end":{"line":72,"column":3}},"12":{"start":{"line":71,"column":4},"end":{"line":71,"column":24}},"13":{"start":{"line":75,"column":2},"end":{"line":77,"column":3}},"14":{"start":{"line":76,"column":4},"end":{"line":76,"column":22}},"15":{"start":{"line":79,"column":2},"end":{"line":79,"column":15}}},"fnMap":{"0":{"name":"calculateShipping","decl":{"start":{"line":44,"column":16},"end":{"line":44,"column":33}},"loc":{"start":{"line":47,"column":30},"end":{"line":80,"column":1}}}},"branchMap":{"0":{"loc":{"start":{"line":50,"column":2},"end":{"line":52,"column":3}},"type":"if","locations":[{"start":{"line":50,"column":2},"end":{"line":52,"column":3}},{"start":{},"end":{}}]},"1":{"loc":{"start":{"line":54,"column":2},"end":{"line":56,"column":3}},"type":"if","locations":[{"start":{"line":54,"column":2},"end":{"line":56,"column":3}},{"start":{},"end":{}}]},"2":{"loc":{"start":{"line":54,"column":6},"end":{"line":54,"column":32}},"type":"binary-expr","locations":[{"start":{"line":54,"column":6},"end":{"line":54,"column":17}},{"start":{"line":54,"column":21},"end":{"line":54,"column":32}}]},"3":{"loc":{"start":{"line":61,"column":2},"end":{"line":67,"column":3}},"type":"if","locations":[{"start":{"line":61,"column":2},"end":{"line":67,"column":3}},{"start":{"line":63,"column":9},"end":{"line":67,"column":3}}]},"4":{"loc":{"start":{"line":63,"column":9},"end":{"line":67,"column":3}},"type":"if","locations":[{"start":{"line":63,"column":9},"end":{"line":67,"column":3}},{"start":{"line":65,"column":9},"end":{"line":67,"column":3}}]},"5":{"loc":{"start":{"line":70,"column":2},"end":{"line":72,"column":3}},"type":"if","locations":[{"start":{"line":70,"column":2},"end":{"line":72,"column":3}},{"start":{},"end":{}}]},"6":{"loc":{"start":{"line":75,"column":2},"end":{"line":77,"column":3}},"type":"if","locations":[{"start":{"line":75,"column":2},"end":{"line":77,"column":3}},{"start":{},"end":{}}]}},"s":{"0":1,"1":20,"2":1,"3":19,"4":3,"5":16,"6":16,"7":8,"8":8,"9":5,"10":3,"11":16,"12":6,"13":16,"14":5,"15":16},"f":{"0":20},"b":{"0":[1,19],"1":[3,16],"2":[19,17],"3":[8,8],"4":[5,3],"5":[6,10],"6":[5,11]}}
}
